\BOOKMARK [0][-]{chapter.1}{Installation}{}% 1
\BOOKMARK [1][-]{section.1.1}{Quick Install}{chapter.1}% 2
\BOOKMARK [1][-]{section.1.2}{Installation}{chapter.1}% 3
\BOOKMARK [2][-]{subsection.1.2.1}{Requirements}{section.1.2}% 4
\BOOKMARK [2][-]{subsection.1.2.2}{Compilation}{section.1.2}% 5
\BOOKMARK [2][-]{subsection.1.2.3}{Multiple Versions}{section.1.2}% 6
\BOOKMARK [2][-]{subsection.1.2.4}{Building the optimized Xeon Phi Version}{section.1.2}% 7
\BOOKMARK [0][-]{chapter.2}{Input Files}{}% 8
\BOOKMARK [1][-]{section.2.1}{Lee-Lin Properties File}{chapter.2}% 9
\BOOKMARK [1][-]{section.2.2}{Zheng-Shu-Chew Properties File}{chapter.2}% 10
\BOOKMARK [1][-]{section.2.3}{LBS3D Properties File}{chapter.2}% 11
\BOOKMARK [1][-]{section.2.4}{Discrete Phase File}{chapter.2}% 12
\BOOKMARK [0][-]{chapter.3}{Multiphase Models}{}% 13
\BOOKMARK [1][-]{section.3.1}{Lee-Lin}{chapter.3}% 14
\BOOKMARK [2][-]{subsection.3.1.1}{Equilibrium distribution functions}{section.3.1}% 15
\BOOKMARK [1][-]{section.3.2}{Zheng-Shu-Chew}{chapter.3}% 16
\BOOKMARK [2][-]{subsection.3.2.1}{Equilibrium distribution functions}{section.3.2}% 17
\BOOKMARK [1][-]{section.3.3}{Velocity discretization directions}{chapter.3}% 18
\BOOKMARK [0][-]{chapter.4}{Implementation Details}{}% 19
\BOOKMARK [1][-]{section.4.1}{Dual Grid}{chapter.4}% 20
\BOOKMARK [1][-]{section.4.2}{Interface Initialization}{chapter.4}% 21
\BOOKMARK [1][-]{section.4.3}{Pressure Convergence}{chapter.4}% 22
\BOOKMARK [1][-]{section.4.4}{External Force}{chapter.4}% 23
\BOOKMARK [1][-]{section.4.5}{Optimized Version}{chapter.4}% 24
\BOOKMARK [0][-]{chapter.5}{Benchmarking}{}% 25
\BOOKMARK [0][-]{chapter.6}{Subroutine Listing}{}% 26
\BOOKMARK [0][-]{section*.7}{References}{}% 27
